<?xml version="1.0" encoding="UTF-8"?>
<!-- Generated by org.testng.reporters.JUnitXMLReporter -->
<testsuite hostname="0100ITECOM-MHA" ignored="1" name="Search Test Skenario= Success" tests="2" failures="0" timestamp="2022-01-19T13:16:24 ICT" time="2.405" errors="0">
  <testcase name="page_Validate" time="2.185" classname="testClass.SearchTest"/>
  <testcase name="searchCourse_Success" time="2.217" classname="testClass.SearchTest"/>
  <testcase name="searchCourse_Failed" time="0.0" classname="testClass.SearchTest">
    <ignored/>
  </testcase> <!-- searchCourse_Failed -->
</testsuite> <!-- Search Test Skenario= Success -->
