<?xml version="1.0" encoding="UTF-8"?>
<testsuite xmlns:xsi="http://www.w3.org/2001/XMLSchema-instance" xsi:noNamespaceSchemaLocation="https://maven.apache.org/surefire/maven-surefire-plugin/xsd/surefire-test-report.xsd" name="TestSuite" time="86.837" tests="4" errors="0" skipped="0" failures="0">
  <properties>
[...]
</properties>
  <testcase name="page_Validate" classname="testClass.SearchTest" time="2.188"/>
  <testcase name="page_Validate" classname="testClass.SearchTest" time="0.308"/>
  <testcase name="searchCourse_Success" classname="testClass.SearchTest" time="2.215"/>
  <testcase name="searchCourse_Failed" classname="testClass.SearchTest" time="10.367"/>
</testsuite>