<?xml version="1.0" encoding="UTF-8"?>
<testng-results skipped="0" failed="0" ignored="2" total="6" passed="4">
  <reporter-output>
  </reporter-output>
  <suite name="Suite" duration-ms="2405" started-at="2022-01-19T13:16:21 ICT" finished-at="2022-01-19T13:16:24 ICT">
    <groups>
    </groups>
    <test name="Search Test Skenario= Success" duration-ms="2405" started-at="2022-01-19T13:16:21 ICT" finished-at="2022-01-19T13:16:24 ICT">
      <class name="testClass.SearchTest">
        <test-method status="PASS" signature="test()[pri:0, instance:testClass.SearchTest@544fe44c]" name="test" is-config="true" duration-ms="38410" started-at="2022-01-19T13:15:43 ICT" finished-at="2022-01-19T13:16:21 ICT">
          <reporter-output>
          </reporter-output>
        </test-method> <!-- test -->
        <test-method status="PASS" signature="searchCourse_Success()[pri:2, instance:testClass.SearchTest@544fe44c]" name="searchCourse_Success" duration-ms="2217" started-at="2022-01-19T13:16:22 ICT" description="TS01-EP02 - Search Test Scenario = Success" finished-at="2022-01-19T13:16:24 ICT">
          <reporter-output>
          </reporter-output>
        </test-method> <!-- searchCourse_Success -->
        <test-method status="PASS" signature="page_Validate()[pri:1, instance:testClass.SearchTest@544fe44c]" name="page_Validate" duration-ms="2185" started-at="2022-01-19T13:16:22 ICT" description="TS01-EP01 - Validate page already opened" finished-at="2022-01-19T13:16:24 ICT">
          <reporter-output>
          </reporter-output>
        </test-method> <!-- page_Validate -->
        <test-method status="PASS" signature="closeApp()[pri:0, instance:testClass.SearchTest@544fe44c]" name="closeApp" is-config="true" duration-ms="0" started-at="2022-01-19T13:16:24 ICT" finished-at="2022-01-19T13:16:24 ICT">
          <reporter-output>
          </reporter-output>
        </test-method> <!-- closeApp -->
      </class> <!-- testClass.SearchTest -->
    </test> <!-- Search Test Skenario= Success -->
  </suite> <!-- Suite -->
  <suite name="Suite (0)" duration-ms="10678" started-at="2022-01-19T13:16:55 ICT" finished-at="2022-01-19T13:17:05 ICT">
    <groups>
    </groups>
    <test name="Search Test Skenario = Failed" duration-ms="10678" started-at="2022-01-19T13:16:55 ICT" finished-at="2022-01-19T13:17:05 ICT">
      <class name="testClass.SearchTest">
        <test-method status="PASS" signature="test()[pri:0, instance:testClass.SearchTest@1f28c152]" name="test" is-config="true" duration-ms="30805" started-at="2022-01-19T13:16:24 ICT" finished-at="2022-01-19T13:16:55 ICT">
          <reporter-output>
          </reporter-output>
        </test-method> <!-- test -->
        <test-method status="PASS" signature="page_Validate()[pri:1, instance:testClass.SearchTest@1f28c152]" name="page_Validate" duration-ms="307" started-at="2022-01-19T13:16:55 ICT" description="TS01-EP01 - Validate page already opened" finished-at="2022-01-19T13:16:55 ICT">
          <reporter-output>
          </reporter-output>
        </test-method> <!-- page_Validate -->
        <test-method status="PASS" signature="searchCourse_Failed()[pri:2, instance:testClass.SearchTest@1f28c152]" name="searchCourse_Failed" duration-ms="10366" started-at="2022-01-19T13:16:55 ICT" description="TS01-EP02 - Search Test Scenario = Failed" finished-at="2022-01-19T13:17:05 ICT">
          <reporter-output>
          </reporter-output>
        </test-method> <!-- searchCourse_Failed -->
        <test-method status="PASS" signature="closeApp()[pri:0, instance:testClass.SearchTest@1f28c152]" name="closeApp" is-config="true" duration-ms="0" started-at="2022-01-19T13:17:05 ICT" finished-at="2022-01-19T13:17:05 ICT">
          <reporter-output>
          </reporter-output>
        </test-method> <!-- closeApp -->
      </class> <!-- testClass.SearchTest -->
    </test> <!-- Search Test Skenario = Failed -->
  </suite> <!-- Suite (0) -->
</testng-results>
