<?xml version="1.0" encoding="UTF-8"?>
<!-- Generated by org.testng.reporters.JUnitXMLReporter -->
<testsuite hostname="0100ITECOM-MHA" ignored="1" name="Search Test Skenario = Failed" tests="2" failures="0" timestamp="2022-01-19T13:17:05 ICT" time="10.678" errors="0">
  <testcase name="page_Validate" time="0.307" classname="testClass.SearchTest"/>
  <testcase name="searchCourse_Failed" time="10.366" classname="testClass.SearchTest"/>
  <testcase name="searchCourse_Success" time="0.0" classname="testClass.SearchTest">
    <ignored/>
  </testcase> <!-- searchCourse_Success -->
</testsuite> <!-- Search Test Skenario = Failed -->
